2026-01-18 20:40:23 | INFO | P02 | === RUN START ===
2026-01-18 20:40:23 | INFO | P02 | project=Automation: Creating Files with Repetition Patterns
2026-01-18 20:40:23 | INFO | P02 | repo_dir=datafun-02-automation
2026-01-18 20:40:23 | INFO | P02 | python=3.14.2
2026-01-18 20:40:23 | INFO | P02 | os=Windows 11
2026-01-18 20:40:23 | INFO | P02 | shell=powershell
2026-01-18 20:40:23 | INFO | P02 | cwd=.
2026-01-18 20:40:23 | INFO | P02 | github_actions=False
2026-01-18 20:40:23 | INFO | P02 | START main()
2026-01-18 20:40:23 | INFO | P02 | START FUNCTION 1: create_files_from_numeric_range()
2026-01-18 20:40:23 | INFO | P02 | Starting year: 2023
2026-01-18 20:40:23 | INFO | P02 | Ending year: 2026
2026-01-18 20:40:23 | INFO | P02 | WROTE file: abdelhafidh_mahouel_year_2023.txt
2026-01-18 20:40:23 | INFO | P02 | WROTE file: abdelhafidh_mahouel_year_2024.txt
2026-01-18 20:40:23 | INFO | P02 | WROTE file: abdelhafidh_mahouel_year_2025.txt
2026-01-18 20:40:23 | INFO | P02 | WROTE file: abdelhafidh_mahouel_year_2026.txt
2026-01-18 20:40:23 | INFO | P02 | START FUNCTION 2: create_files_from_list()
2026-01-18 20:40:23 | INFO | P02 | Region list: ['North America', 'South America', 'Europe', 'Asia', 'Africa', 'Oceania', 'Middle East']
2026-01-18 20:40:23 | INFO | P02 | WROTE file: abdelhafidh_mahouel_region_north_america.txt
2026-01-18 20:40:23 | INFO | P02 | WROTE file: abdelhafidh_mahouel_region_south_america.txt
2026-01-18 20:40:23 | INFO | P02 | WROTE file: abdelhafidh_mahouel_region_europe.txt
2026-01-18 20:40:23 | INFO | P02 | WROTE file: abdelhafidh_mahouel_region_asia.txt
2026-01-18 20:40:23 | INFO | P02 | WROTE file: abdelhafidh_mahouel_region_africa.txt
2026-01-18 20:40:23 | INFO | P02 | WROTE file: abdelhafidh_mahouel_region_oceania.txt
2026-01-18 20:40:23 | INFO | P02 | WROTE file: abdelhafidh_mahouel_region_middle_east.txt
2026-01-18 20:40:23 | INFO | P02 | START FUNCTION 3: create_files_using_list_comprehension()
2026-01-18 20:40:23 | INFO | P02 | WHY: Use list comprehension to transform one list into another list.
2026-01-18 20:40:23 | INFO | P02 | Transformed region tags: ['NORTH_AMERICA', 'SOUTH_AMERICA', 'EUROPE', 'ASIA', 'AFRICA', 'OCEANIA', 'MIDDLE_EAST']
2026-01-18 20:40:23 | INFO | P02 | WROTE file: abdelhafidh_mahouel_tag_north_america.txt
2026-01-18 20:40:23 | INFO | P02 | WROTE file: abdelhafidh_mahouel_tag_south_america.txt
2026-01-18 20:40:23 | INFO | P02 | WROTE file: abdelhafidh_mahouel_tag_europe.txt
2026-01-18 20:40:23 | INFO | P02 | WROTE file: abdelhafidh_mahouel_tag_asia.txt
2026-01-18 20:40:23 | INFO | P02 | WROTE file: abdelhafidh_mahouel_tag_africa.txt
2026-01-18 20:40:23 | INFO | P02 | WROTE file: abdelhafidh_mahouel_tag_oceania.txt
2026-01-18 20:40:23 | INFO | P02 | WROTE file: abdelhafidh_mahouel_tag_middle_east.txt
2026-01-18 20:40:23 | INFO | P02 | START FUNCTION 4: create_files_periodically()
2026-01-18 20:40:23 | INFO | P02 | WHY: Use while loop for repetitive tasks with a delay.
2026-01-18 20:40:23 | INFO | P02 | Waiting seconds between files: 1
2026-01-18 20:40:23 | INFO | P02 | Number of files to create: 7
2026-01-18 20:40:23 | INFO | P02 | WROTE file: abdelhafidh_mahouel_periodic_01.txt
2026-01-18 20:40:23 | INFO | P02 | Waiting 1 seconds before next file...
2026-01-18 20:40:24 | INFO | P02 | WROTE file: abdelhafidh_mahouel_periodic_02.txt
2026-01-18 20:40:24 | INFO | P02 | Waiting 1 seconds before next file...
2026-01-18 20:40:25 | INFO | P02 | WROTE file: abdelhafidh_mahouel_periodic_03.txt
2026-01-18 20:40:25 | INFO | P02 | Waiting 1 seconds before next file...
2026-01-18 20:40:26 | INFO | P02 | WROTE file: abdelhafidh_mahouel_periodic_04.txt
2026-01-18 20:40:26 | INFO | P02 | Waiting 1 seconds before next file...
2026-01-18 20:40:27 | INFO | P02 | WROTE file: abdelhafidh_mahouel_periodic_05.txt
2026-01-18 20:40:27 | INFO | P02 | Waiting 1 seconds before next file...
2026-01-18 20:40:28 | INFO | P02 | WROTE file: abdelhafidh_mahouel_periodic_06.txt
2026-01-18 20:40:28 | INFO | P02 | Waiting 1 seconds before next file...
2026-01-18 20:40:29 | INFO | P02 | WROTE file: abdelhafidh_mahouel_periodic_07.txt
2026-01-18 20:40:29 | INFO | P02 | Waiting 1 seconds before next file...
2026-01-18 20:40:30 | INFO | P02 | END main()
